#
# There is insufficient memory for the Java Runtime Environment to continue.
# Native memory allocation (malloc) failed to allocate 1048576 bytes for AllocateHeap
# Possible reasons:
#   The system is out of physical RAM or swap space
#   In 32 bit mode, the process size limit was hit
# Possible solutions:
#   Reduce memory load on the system
#   Increase physical memory or swap space
#   Check if swap backing store is full
#   Use 64 bit Java on a 64 bit OS
#   Decrease Java heap size (-Xmx/-Xms)
#   Decrease number of Java threads
#   Decrease Java thread stack sizes (-Xss)
#   Set larger code cache with -XX:ReservedCodeCacheSize=
# This output file may be truncated or incomplete.
#
#  Out of Memory Error (memory/allocation.inline.hpp:61), pid=6508, tid=0x0000000000001eec
#
# JRE version:  (8.0_141-b15) (build )
# Java VM: Java HotSpot(TM) 64-Bit Server VM (25.141-b15 mixed mode windows-amd64 compressed oops)
# Failed to write core dump. Minidumps are not enabled by default on client versions of Windows
#

---------------  T H R E A D  ---------------

Current thread (0x000000000233e000):  JavaThread "Unknown thread" [_thread_in_vm, id=7916, stack(0x0000000002220000,0x0000000002320000)]

Stack: [0x0000000002220000,0x0000000002320000]
[error occurred during error reporting (printing stack bounds), id 0xc0000005]

Native frames: (J=compiled Java code, j=interpreted, Vv=VM code, C=native code)


---------------  P R O C E S S  ---------------

Java Threads: ( => current thread )

Other Threads:

=>0x000000000233e000 (exited) JavaThread "Unknown thread" [_thread_in_vm, id=7916, stack(0x0000000002220000,0x0000000002320000)]

VM state:not at safepoint (normal execution)

VM Mutex/Monitor currently owned by a thread: None

Heap:
 PSYoungGen      total 18944K, used 327K [0x00000000eb200000, 0x00000000ec700000, 0x0000000100000000)
  eden space 16384K, 2% used [0x00000000eb200000,0x00000000eb251ec8,0x00000000ec200000)
  from space 2560K, 0% used [0x00000000ec480000,0x00000000ec480000,0x00000000ec700000)
  to   space 2560K, 0% used [0x00000000ec200000,0x00000000ec200000,0x00000000ec480000)
 ParOldGen       total 44032K, used 0K [0x00000000c1600000, 0x00000000c4100000, 0x00000000eb200000)
  object space 44032K, 0% used [0x00000000c1600000,0x00000000c1600000,0x00000000c4100000)
 Metaspace       used 746K, capacity 4480K, committed 4480K, reserved 1056768K
  class space    used 75K, capacity 384K, committed 384K, reserved 1048576K

Card table byte_map: [0x00000000118d0000,0x0000000011ad0000] byte_map_base: 0x00000000112c5000

Marking Bits: (ParMarkBitMap*) 0x0000000064e2d850
 Begin Bits: [0x0000000012020000, 0x0000000012fc8000)
 End Bits:   [0x0000000012fc8000, 0x0000000013f70000)

Polling page: 0x0000000000a30000

CodeCache: size=245760Kb used=328Kb max_used=328Kb free=245431Kb
 bounds [0x0000000002510000, 0x0000000002780000, 0x0000000011510000]
 total_blobs=58 nmethods=0 adapters=38
 compilation: enabled

Compilation events (0 events):
No events

GC Heap History (0 events):
No events

Deoptimization events (0 events):
No events

Internal exceptions (0 events):
No events

Events (10 events):
Event: 0.031 loading class java/lang/Short
Event: 0.031 loading class java/lang/Short done
Event: 0.031 loading class java/lang/Integer
Event: 0.031 loading class java/lang/Integer done
Event: 0.031 loading class java/lang/Long
Event: 0.032 loading class java/lang/Long done
Event: 0.032 loading class java/lang/NullPointerException
Event: 0.032 loading class java/lang/NullPointerException done
Event: 0.032 loading class java/lang/ArithmeticException
Event: 0.032 loading class java/lang/ArithmeticException done


Dynamic libraries:
0x00007ff7e27e0000 - 0x00007ff7e2817000 	C:\Program Files\Java\jre1.8.0_141\bin\javaw.exe
0x00007ffb70cd0000 - 0x00007ffb70e7d000 	C:\Windows\SYSTEM32\ntdll.dll
0x00007ffb6f100000 - 0x00007ffb6f23a000 	C:\Windows\system32\KERNEL32.DLL
0x00007ffb52fa0000 - 0x00007ffb52fb4000 	C:\Program Files\AVAST Software\Avast\x64\aswhooka.dll
0x00007ffb6e1c0000 - 0x00007ffb6e2d6000 	C:\Windows\system32\KERNELBASE.dll
0x00007ffb6ca20000 - 0x00007ffb6caae000 	C:\Windows\system32\apphelp.dll
0x00007ffb3b520000 - 0x00007ffb3b574000 	C:\Windows\AppPatch\AppPatch64\AcGenral.DLL
0x00007ffb6e9d0000 - 0x00007ffb6ea77000 	C:\Windows\system32\msvcrt.dll
0x00007ffb6e140000 - 0x00007ffb6e16e000 	C:\Windows\system32\SspiCli.dll
0x00007ffb6ef00000 - 0x00007ffb6ef51000 	C:\Windows\system32\SHLWAPI.dll
0x00007ffb70a90000 - 0x00007ffb70c07000 	C:\Windows\system32\USER32.dll
0x00007ffb6e820000 - 0x00007ffb6e9b4000 	C:\Windows\system32\ole32.dll
0x00007ffb6f4e0000 - 0x00007ffb70a0b000 	C:\Windows\system32\SHELL32.dll
0x00007ffb6d4a0000 - 0x00007ffb6d4be000 	C:\Windows\SYSTEM32\USERENV.dll
0x00007ffb6f430000 - 0x00007ffb6f4da000 	C:\Windows\system32\ADVAPI32.dll
0x00007ffb63870000 - 0x00007ffb6388b000 	C:\Windows\SYSTEM32\MPR.dll
0x00007ffb6efc0000 - 0x00007ffb6f100000 	C:\Windows\system32\RPCRT4.dll
0x00007ffb70a20000 - 0x00007ffb70a79000 	C:\Windows\SYSTEM32\sechost.dll
0x00007ffb6e390000 - 0x00007ffb6e5a2000 	C:\Windows\SYSTEM32\combase.dll
0x00007ffb6eb20000 - 0x00007ffb6ec6c000 	C:\Windows\system32\GDI32.dll
0x00007ffb6de30000 - 0x00007ffb6de44000 	C:\Windows\SYSTEM32\profapi.dll
0x00007ffb6b550000 - 0x00007ffb6b602000 	C:\Windows\SYSTEM32\SHCORE.dll
0x00007ffb70c90000 - 0x00007ffb70cc4000 	C:\Windows\system32\IMM32.DLL
0x00007ffb6eda0000 - 0x00007ffb6eef1000 	C:\Windows\system32\MSCTF.dll
0x00007ffb6a510000 - 0x00007ffb6a78b000 	C:\Windows\WinSxS\amd64_microsoft.windows.common-controls_6595b64144ccf1df_6.0.9600.18006_none_623f33d3ecbe86e8\COMCTL32.dll
0x0000000062c30000 - 0x0000000062d02000 	C:\Program Files\Java\jre1.8.0_141\bin\msvcr100.dll
0x0000000064610000 - 0x0000000064ead000 	C:\Program Files\Java\jre1.8.0_141\bin\server\jvm.dll
0x00007ffb63ee0000 - 0x00007ffb63ee9000 	C:\Windows\SYSTEM32\WSOCK32.dll
0x00007ffb64500000 - 0x00007ffb6451f000 	C:\Windows\SYSTEM32\WINMM.dll
0x00007ffb64130000 - 0x00007ffb6413a000 	C:\Windows\SYSTEM32\VERSION.dll
0x00007ffb70a10000 - 0x00007ffb70a17000 	C:\Windows\system32\PSAPI.DLL
0x00007ffb6ef60000 - 0x00007ffb6efba000 	C:\Windows\system32\WS2_32.dll
0x00007ffb644d0000 - 0x00007ffb644fa000 	C:\Windows\SYSTEM32\WINMMBASE.dll
0x00007ffb6f240000 - 0x00007ffb6f249000 	C:\Windows\system32\NSI.dll
0x00007ffb6e170000 - 0x00007ffb6e1ba000 	C:\Windows\SYSTEM32\cfgmgr32.dll
0x00007ffb6cc80000 - 0x00007ffb6cca6000 	C:\Windows\SYSTEM32\DEVOBJ.dll
0x0000000064600000 - 0x000000006460f000 	C:\Program Files\Java\jre1.8.0_141\bin\verify.dll
0x00000000645d0000 - 0x00000000645f9000 	C:\Program Files\Java\jre1.8.0_141\bin\java.dll
0x00000000645b0000 - 0x00000000645c6000 	C:\Program Files\Java\jre1.8.0_141\bin\zip.dll

VM Arguments:
jvm_args: -Dfile.encoding=UTF-8 
java_command: srh.Calendarapp.UserLogin
java_class_path (initial): C:\Program Files\Java\jre1.8.0_141\lib\resources.jar;C:\Program Files\Java\jre1.8.0_141\lib\rt.jar;C:\Program Files\Java\jre1.8.0_141\lib\jsse.jar;C:\Program Files\Java\jre1.8.0_141\lib\jce.jar;C:\Program Files\Java\jre1.8.0_141\lib\charsets.jar;C:\Program Files\Java\jre1.8.0_141\lib\jfr.jar;C:\Program Files\Java\jre1.8.0_141\lib\ext\access-bridge-64.jar;C:\Program Files\Java\jre1.8.0_141\lib\ext\cldrdata.jar;C:\Program Files\Java\jre1.8.0_141\lib\ext\dnsns.jar;C:\Program Files\Java\jre1.8.0_141\lib\ext\jaccess.jar;C:\Program Files\Java\jre1.8.0_141\lib\ext\jfxrt.jar;C:\Program Files\Java\jre1.8.0_141\lib\ext\localedata.jar;C:\Program Files\Java\jre1.8.0_141\lib\ext\nashorn.jar;C:\Program Files\Java\jre1.8.0_141\lib\ext\sunec.jar;C:\Program Files\Java\jre1.8.0_141\lib\ext\sunjce_provider.jar;C:\Program Files\Java\jre1.8.0_141\lib\ext\sunmscapi.jar;C:\Program Files\Java\jre1.8.0_141\lib\ext\sunpkcs11.jar;C:\Program Files\Java\jre1.8.0_141\lib\ext\zipfs.jar;C:\Users\honour ovo\eclipse-workspace\Calenderapp\target\classes;C:\Users\honour ovo\.m2\repository\mysql\mysql-connector-java\8.0.13\mysql-connector-java-8.0.13.jar;C:\Users\honour ovo\.m2\repository\com\google\protobuf\protobuf-java\3.6.1\protobuf-java-3.6.1.jar;C:\Users\honour ovo\.m2\repository\log4j\log4j\1.2.17\log4j-1.2.17.jar;C:\Users\honour ovo\.m2\repository\javax\mail\mail\1.5.0-b01\mail-1.5.0-b01.jar;C:\Users\honour ovo\.m2\repository\javax\activation\activation\1.1\activation-1.1.jar
Launcher Type: SUN_STANDARD

Environment Variables:
PATH=C:/Program Files/Java/jre1.8.0_141/bin/server;C:/Program Files/Java/jre1.8.0_141/bin;C:/Program Files/Java/jre1.8.0_141/lib/amd64;C:\ProgramData\Anaconda3;C:\ProgramData\Anaconda3\Library\mingw-w64\bin;C:\ProgramData\Anaconda3\Library\usr\bin;C:\ProgramData\Anaconda3\Library\bin;C:\ProgramData\Anaconda3\Scripts;C:\ProgramData\Oracle\Java\javapath;C:\Program Files (x86)\Intel\iCLS Client\;C:\Program Files\Intel\iCLS Client\;C:\Windows\system32;C:\Windows;C:\Windows\System32\Wbem;C:\Windows\System32\WindowsPowerShell\v1.0\;C:\Program Files\Intel\Intel(R) Management Engine Components\DAL;C:\Program Files\Intel\Intel(R) Management Engine Components\IPT;C:\Program Files (x86)\Intel\Intel(R) Management Engine Components\DAL;C:\Program Files (x86)\Intel\Intel(R) Management Engine Components\IPT;C:\Program Files (x86)\Brackets\command;C:\Windows\System32;C:\Users\honour ovo\AppData\Roaming\Dashlane\4.6.6.23032\bin\Firefox_Extension\{442718d9-475e-452a-b3e1-fb1ee16b8e9f}\components;C:\Users\honour ovo\Desktop\eclipse;
USERNAME=honour ovo
OS=Windows_NT
PROCESSOR_IDENTIFIER=Intel64 Family 6 Model 69 Stepping 1, GenuineIntel



---------------  S Y S T E M  ---------------

OS: Windows 8.1 , 64 bit Build 9600 (6.3.9600.17056)

CPU:total 4 (initial active 4) (2 cores per cpu, 2 threads per core) family 6 model 69 stepping 1, cmov, cx8, fxsr, mmx, sse, sse2, sse3, ssse3, sse4.1, sse4.2, popcnt, avx, avx2, aes, clmul, erms, lzcnt, ht, tsc, tscinvbit, bmi1, bmi2

Memory: 4k page, physical 4096172k(618604k free), swap 7717036k(5700k free)

vm_info: Java HotSpot(TM) 64-Bit Server VM (25.141-b15) for windows-amd64 JRE (1.8.0_141-b15), built on Jul 12 2017 04:25:12 by "java_re" with MS VC++ 10.0 (VS2010)

time: Mon Dec 10 00:54:32 2018
elapsed time: 0 seconds (0d 0h 0m 0s)

